
Showing logs for build [32mcb-kubecd-environment-pr-1318-1-hpqxp-1[0m stage [32mfrom-build-pack[0m and container [32mstep-credential-initializer-h8jpm[0m
{"level":"warn","ts":1585316449.43494,"logger":"fallback-logger","caller":"logging/config.go:69","msg":"Fetch GitHub commit ID from kodata failed: \"ref: refs/heads/0.8.0-**-support-backwards-incompats\" is not a valid GitHub commit ID"}
{"level":"info","ts":1585316449.4358253,"logger":"fallback-logger","caller":"creds-init/main.go:40","msg":"Credentials initialized."}

Showing logs for build [32mcb-kubecd-environment-pr-1318-1-hpqxp-1[0m stage [32mfrom-build-pack[0m and container [32mstep-working-dir-initializer-59dfp[0m
{"level":"warn","ts":1585316450.5149188,"logger":"fallback-logger","caller":"logging/config.go:69","msg":"Fetch GitHub commit ID from kodata failed: open /var/run/ko/HEAD: no such file or directory"}
{"level":"info","ts":1585316450.5165875,"logger":"fallback-logger","caller":"bash/main.go:64","msg":"Successfully executed command \"sh -c mkdir -p /workspace/source\"; output "}

Showing logs for build [32mcb-kubecd-environment-pr-1318-1-hpqxp-1[0m stage [32mfrom-build-pack[0m and container [32mstep-place-tools[0m

Showing logs for build [32mcb-kubecd-environment-pr-1318-1-hpqxp-1[0m stage [32mfrom-build-pack[0m and container [32mstep-git-source-cb-kubecd-environment-pr-1318-1-hpqxp-5dq9m[0m
{"level":"warn","ts":1585316453.8130975,"logger":"fallback-logger","caller":"logging/config.go:69","msg":"Fetch GitHub commit ID from kodata failed: \"ref: refs/heads/0.8.0-**-support-backwards-incompats\" is not a valid GitHub commit ID"}
{"level":"info","ts":1585316454.9144597,"logger":"fallback-logger","caller":"git/git.go:103","msg":"Successfully cloned https://github.com/cb-kubecd/environment-pr-1318-10-bdd-frontend-staging.git @ master in path /workspace/source"}

Showing logs for build [32mcb-kubecd-environment-pr-1318-1-hpqxp-1[0m stage [32mfrom-build-pack[0m and container [32mstep-git-merge[0m
Using SHAs from PULL_REFS=master:a8c7b72d26f5eac5a5258a2c5d26e6f575ed3f59,1:917e4ce40ff37634f2b15594c36dae9fb59f9ded
DEBUG: LC_ALL=C JX_LOG_LEVEL=error git fetch origin --unshallow 917e4ce40ff37634f2b15594c36dae9fb59f9ded: a8c7b72d26f5eac5a5258a2c5d26e6f575ed3f59:
DEBUG: ran git fetch --unshallow origin 917e4ce40ff37634f2b15594c36dae9fb59f9ded: a8c7b72d26f5eac5a5258a2c5d26e6f575ed3f59: in 
DEBUG: LC_ALL=C JX_LOG_LEVEL=error git branch
DEBUG: LC_ALL=C JX_LOG_LEVEL=error git checkout master
DEBUG: ran git checkout master in 
DEBUG: LC_ALL=C JX_LOG_LEVEL=error git reset --hard a8c7b72d26f5eac5a5258a2c5d26e6f575ed3f59
DEBUG: ran git reset --hard a8c7b72d26f5eac5a5258a2c5d26e6f575ed3f59 in 
DEBUG: LC_ALL=C JX_LOG_LEVEL=error git clean -fd .
DEBUG: ran clean --force -d . in 
DEBUG: JX_LOG_LEVEL=error LC_ALL=C git merge 917e4ce40ff37634f2b15594c36dae9fb59f9ded
DEBUG: ran git merge 917e4ce40ff37634f2b15594c36dae9fb59f9ded in 
DEBUG: LC_ALL=C JX_LOG_LEVEL=error git log --format=%H%x1f%an%x1f%ae%x1f%cn%x1f%ce%x1f%s%n%b%x1e a8c7b72d26f5eac5a5258a2c5d26e6f575ed3f59..HEAD
Merged SHA 917e4ce40ff37634f2b15594c36dae9fb59f9ded with commit message 'chore: Promote bdd-nh-1585315436 to version 0.0.1' into base branch master

Showing logs for build [32mcb-kubecd-environment-pr-1318-1-hpqxp-1[0m stage [32mfrom-build-pack[0m and container [32mstep-build-helm-build[0m
WARNING: No $CHART_REPOSITORY defined so using the default value of: http://jenkins-x-chartmuseum:8080
Adding missing Helm repo: storage.googleapis.com https://storage.googleapis.com/chartmuseum.jenkins-x.io
WARNING: No secrets found on "helm/repos" due: reading the secret "helm/repos" from vault: no secret "helm/repos" not found in vault
Read credentials for https://storage.googleapis.com/chartmuseum.jenkins-x.io from vault helm/repos
Successfully added Helm repository storage.googleapis.com.
Adding missing Helm repo: jenkins-x-chartmuseum http://jenkins-x-chartmuseum:8080
WARNING: No secrets found on "helm/repos" due: reading the secret "helm/repos" from vault: no secret "helm/repos" not found in vault
Read credentials for http://jenkins-x-chartmuseum:8080 from vault helm/repos
Successfully added Helm repository jenkins-x-chartmuseum.
WARNING: No $CHART_REPOSITORY defined so using the default value of: http://jenkins-x-chartmuseum:8080
Adding missing Helm repo: chartmuseum.jenkins-x.io http://chartmuseum.jenkins-x.io
WARNING: No secrets found on "helm/repos" due: reading the secret "helm/repos" from vault: no secret "helm/repos" not found in vault
Read credentials for http://chartmuseum.jenkins-x.io from vault helm/repos
Successfully added Helm repository chartmuseum.jenkins-x.io.
